<?xml version="1.0" encoding="UTF-8"?>
<!-- Generated by org.testng.reporters.JUnitXMLReporter -->
<testsuite ignored="1" hostname="hoaimt-desktop" failures="0" tests="2" name="HoaiMT" time="0.032" errors="0" timestamp="2023-03-15T15:13:45 ICT">
  <testcase classname="SecondPackage.SecondClass" name="f" time="0.007"/>
  <testcase classname="FirstPackage.FirstClass" name="firstMethod" time="0.001"/>
  <testcase classname="FirstPackage.FirstClass" name="SecondMethod" time="0.0">
    <ignored/>
  </testcase> <!-- SecondMethod -->
</testsuite> <!-- HoaiMT -->
