<?xml version="1.0" encoding="UTF-8"?>
<!-- Generated by org.testng.reporters.JUnitXMLReporter -->
<testsuite ignored="0" hostname="hoaimt-desktop" failures="0" tests="3" name="SecondTest" time="0.007" errors="0" timestamp="2023-03-16T13:59:32 ICT">
  <testcase classname="vcheckin.FirstPackage.FirstClass" name="SecondMethod" time="0.001"/>
  <testcase classname="vcheckin.FirstPackage.FirstClass" name="firstMethod" time="0.0"/>
  <testcase classname="vcheckin.ThirdPackage.FirstClass" name="f" time="0.0"/>
</testsuite> <!-- SecondTest -->
